********************************************************************************
* Unified simulation Tcl App stack trace dump
*
* File: .usf.tcl_error.log (Thu Jan 21 16:31:44 2021)
*
* This file is generated by the unified simulation automation and contains the
* tcl stack trace of error returned by the simulator App for the current run.
*
********************************************************************************
1
    while executing
"catch {eval "xsim $cmd_args"} err_msg"
    invoked from within
"if {[catch {eval "xsim $cmd_args"} err_msg]} {
      puts $err_msg
      set step "simulate"
      [catch {send_msg_id USF-XSim-062 ERROR "'$step' ste..."
    invoked from within
"if { $standalone_mode } {
    # no op
  } else {
    if {[catch {eval "xsim $cmd_args"} err_msg]} {
      puts $err_msg
      set step "simulate"
    ..."
    (procedure "tclapp::xilinx::xsim::simulate" line 172)
    invoked from within
"tclapp::xilinx::xsim::simulate { -simset sim_1 -mode behavioral -run_dir /home/oshears/Documents/vt/research/code/verilog/snn_fpga/vivado/if_neuron_pr..."
